assignment.html     http://outreach.vlabs.ac.in/
feedback.html     http://outreach.vlabs.ac.in/
index.html     http://outreach.vlabs.ac.in/
performance-report.html     http://vlab.co.in
procedure.html     http://outreach.vlabs.ac.in/
theory.html     http://outreach.vlabs.ac.in/
validator-report.html     http://vlab.co.in
simulation/dictionary/content.html     http://www.sakshat.ac.in/
simulation/dictionary/content.html     http://outreach.vlabs.ac.in/
simulation/dictionary/content.html     http://vlab.co.in/faq
simulation/dictionary/default.html     http://en.wikipedia.org/wiki/
                Simple_harmonic_motion
simulation/dictionary/default.html     http://www.physics.uoguelph.ca/
                tutorials/shm/Q.shm.html
simulation/dictionary/default.html     http://surendranath.tripod.com/Applets/
                Oscillations/SHM/SHMApplet.html
simulation/dictionary/default.html     http://www.sakshat.ac.in/
simulation/dictionary/default.html     http://outreach.vlabs.ac.in/
simulation/dictionary/default.html     http://vlab.co.in/faq
simulation/dictionary/template1.html     http://vlabs.ac.in/index.html
simulation/dictionary/template1.html     http://vlabs.ac.in/index.html
simulation/dictionary/template1.html     http://vlabs.ac.in/index.html#partner
simulation/dictionary/template1.html     http://vlabs.ac.in/index.html#contact
simulation/dictionary/template1.html     http://www.sakshat.ac.in/
simulation/dictionary/template1.html     http://outreach.vlabs.ac.in/
simulation/dictionary/template1.html     http://vlab.co.in/faq
simulation/images/quiz.html     http://www.mcli.dist.maricopa.edu/eye/code/jsquiz.zip
simulation/dictionary/images/quiz.html     http://www.mcli.dist.maricopa.edu/eye/code/jsquiz.zip
